app/build/outputs/mapping/debug/seeds.txt
com.example.bucket.UserBKListDetailActivity
com.example.bucket.MyBKListActivity
com.example.bucket.MyBKListDetailActivity
com.example.bucket.WriteBucket1Activity
com.example.bucket.SearchActivity
com.example.bucket.EditBucket1Activity
com.example.bucket.LoginActivity
com.example.bucket.ServiceAskActivity
com.example.bucket.EditBucket2Activity
com.example.bucket.PWokayActivity
com.example.bucket.WriteBucket3Activity
com.example.bucket.DataBinderMapperImpl
com.example.bucket.PointActivity
com.example.bucket.PwFindActivity
com.example.bucket.JoinActivity
com.example.bucket.WriteBucket4Activity
com.example.bucket.initMyApi
com.example.bucket.WriteBucketEndActivity
com.example.bucket.EditBucket3Activity
com.example.bucket.MySetPageActivity
com.example.bucket.PWsetActivity
com.example.bucket.WriteBucket2Activity
com.example.bucket.MainActivity
com.example.bucket.MyBKListAchieveActivity
com.example.bucket.BKListHeartOnlyActivity
com.example.bucket.MyBKListReviewActivity
com.example.bucket.ServiceAskListActivity
com.example.bucket.PointRankActivity
com.example.bucket.HomeActivity
com.example.bucket.MySetPageEditActivity
com.example.bucket.WelcomeActivity
com.example.bucket.JoinActivity: JoinActivity()
com.example.bucket.initMyApi: retrofit2.Call getMySetPageEditResponse(java.lang.String,java.lang.String,java.lang.String,okhttp3.MultipartBody$Part)
com.example.bucket.BKListItemView_user: void setPicture(java.lang.String)
com.example.bucket.initMyApi: retrofit2.Call getWriteBucketResponse2(java.lang.String,java.lang.String,java.lang.String,java.lang.String,java.lang.String,java.lang.Integer,java.lang.String,okhttp3.MultipartBody$Part,java.lang.String)
com.example.bucket.initMyApi: retrofit2.Call getSearchResponse(java.lang.String,java.lang.String)
com.example.bucket.initMyApi: retrofit2.Call getJoinResponse(java.lang.String,java.lang.String,java.lang.String,java.lang.String,okhttp3.MultipartBody$Part)
com.example.bucket.BKListHeartOnlyActivity: BKListHeartOnlyActivity()
com.example.bucket.initMyApi: retrofit2.Call getNicknameResponse(com.example.bucket.NicknameRequest)
com.example.bucket.MySetPageActivity: MySetPageActivity()
com.example.bucket.DataBinderMapperImpl: DataBinderMapperImpl()
com.example.bucket.initMyApi: retrofit2.Call getMyBKListDeleteResponse(java.lang.String,java.lang.Integer)
com.example.bucket.BKListItemView_user: void setList_title(java.lang.String)
com.example.bucket.initMyApi: retrofit2.Call getLoginResponse(com.example.bucket.LoginRequest)
com.example.bucket.PWsetActivity: PWsetActivity()
com.example.bucket.ServiceAskActivity: ServiceAskActivity()
com.example.bucket.MyBKListAchieveActivity: MyBKListAchieveActivity()
com.example.bucket.PointRankActivity: PointRankActivity()
com.example.bucket.ServiceAskListActivity: ServiceAskListActivity()
com.example.bucket.initMyApi: retrofit2.Call getEditBucketResponse(java.lang.String,java.lang.String,java.lang.String,java.lang.String,java.lang.String,java.lang.Integer,java.lang.String,okhttp3.MultipartBody$Part,java.lang.Integer,java.lang.String)
com.example.bucket.initMyApi: retrofit2.Call getMyBKListResponse(java.lang.String)
com.example.bucket.MyBKListDetailActivity: MyBKListDetailActivity()
com.example.bucket.BKListItemView_my: void setPicture(java.lang.String)
com.example.bucket.PWokayActivity: PWokayActivity()
com.example.bucket.initMyApi: retrofit2.Call getBKListHeartNullResponse(java.lang.String,java.lang.Integer)
com.example.bucket.initMyApi: retrofit2.Call getBKListHeartFullResponse(java.lang.String,java.lang.Integer)
com.example.bucket.MyBKListActivity: MyBKListActivity()
com.example.bucket.LoginActivity: LoginActivity()
com.example.bucket.initMyApi: retrofit2.Call getPointResponse(java.lang.String)
com.example.bucket.initMyApi: retrofit2.Call getServiceAskListResponse(java.lang.String)
com.example.bucket.initMyApi: retrofit2.Call getPointListResponse(java.lang.String)
com.example.bucket.PwFindActivity: PwFindActivity()
...
com.google.android.material.appbar.MaterialToolbar
androidx.core.app.CoreComponentFactory
androidx.recyclerview.widget.GridLayoutManager
com.google.android.material.appbar.AppBarLayout$ScrollingViewBehavior
androidx.lifecycle.SavedStateHandleController$1
androidx.recyclerview.widget.StaggeredGridLayoutManager
androidx.viewpager2.adapter.FragmentStateAdapter$FragmentMaxLifecycleEnforcer$3
com.google.android.material.transformation.ExpandableTransformationBehavior
com.google.android.material.textfield.TextInputLayout
androidx.appcompat.app.AlertController$RecycleListView
androidx.recyclerview.widget.LinearLayoutManager
com.google.android.material.transformation.ExpandableBehavior
androidx.versionedparcelable.CustomVersionedParcelable
androidx.lifecycle.ReflectiveGenericLifecycleObserver
androidx.databinding.ViewDataBinding$OnStartListener
androidx.emoji2.text.EmojiCompatInitializer$1
androidx.transition.FragmentTransitionSupport
androidx.recyclerview.widget.RecyclerView
androidx.savedstate.SavedStateRegistry$1
okhttp3.internal.publicsuffix.PublicSuffixDatabase
com.google.android.material.floatingactionbutton.ExtendedFloatingActionButton$ExtendedFloatingActionButtonBehavior
com.google.android.material.button.MaterialButton
androidx.appcompat.view.menu.ListMenuItemView
com.google.android.material.bottomappbar.BottomAppBar
com.google.android.material.theme.MaterialComponentsViewInflater
androidx.constraintlayout.widget.Barrier
androidx.appcompat.widget.DialogTitle
androidx.constraintlayout.widget.ConstraintLayout
androidx.annotation.Keep
de.hdodenhof.circleimageview.CircleImageView
androidx.coordinatorlayout.widget.CoordinatorLayout
com.google.android.material.transformation.FabTransformationBehavior
androidx.activity.ComponentActivity$3
com.google.android.material.internal.CheckableImageButton
androidx.appcompat.widget.FitWindowsFrameLayout
com.google.android.material.snackbar.SnackbarContentLayout
androidx.activity.ImmLeaksCleaner
com.google.android.material.behavior.HideBottomViewOnScrollBehavior
com.google.android.gms.common.api.internal.LifecycleCallback
com.google.android.material.snackbar.Snackbar$SnackbarLayout
com.google.android.material.behavior.SwipeDismissBehavior
com.google.android.material.bottomappbar.BottomAppBar$Behavior
androidx.activity.OnBackPressedDispatcher$LifecycleOnBackPressedCancellable
androidx.appcompat.view.menu.ExpandedMenuView
com.google.android.gms.common.util.DynamiteApi
androidx.activity.result.ActivityResultRegistry$1
androidx.core.graphics.drawable.IconCompat
androidx.appcompat.widget.ViewStubCompat
androidx.appcompat.widget.SearchView
com.google.android.material.floatingactionbutton.FloatingActionButton$BaseBehavior
androidx.databinding.MergedDataBinderMapper
androidx.fragment.app.FragmentManager$6
androidx.appcompat.widget.ActionBarOverlayLayout
androidx.appcompat.widget.ButtonBarLayout
androidx.databinding.library.baseAdapters.DataBinderMapperImpl
androidx.appcompat.widget.ContentFrameLayout
androidx.appcompat.widget.AlertDialogLayout
com.google.android.material.datepicker.MaterialCalendar
com.google.android.material.floatingactionbutton.FloatingActionButton
com.google.android.material.timepicker.TimePickerView
com.google.android.material.timepicker.ClockFaceView
androidx.lifecycle.SingleGeneratedAdapterObserver
com.google.android.material.appbar.AppBarLayout$BaseBehavior
com.google.android.material.chip.ChipGroup
com.google.android.material.appbar.AppBarLayout$Behavior
com.google.android.material.button.MaterialButtonToggleGroup
androidx.core.app.RemoteActionCompat
com.bumptech.glide.manager.SupportRequestManagerFragment
androidx.appcompat.widget.FitWindowsLinearLayout
com.google.android.material.timepicker.ChipTextInputComboView
com.google.android.material.tabs.TabLayout
androidx.activity.ComponentActivity$4
com.google.android.material.chip.Chip
com.google.android.material.internal.BaselineLayout
com.google.android.material.floatingactionbutton.FloatingActionButton$Behavior