app/build/outputs/mapping/debug/mapping.txt
# compiler: R8
# compiler_version: 3.1.66
# min_api: 28
# pg_map_id: fbe0c30
# common_typos_disable
# {"id":"com.android.tools.r8.mapping","version":"1.0"}
com.example.bucket.BKDetailAchievedResponse -> e2.a:
    java.lang.String status -> a
    java.lang.String msg -> b
    33:36:void <init>(com.google.gson.JsonObject) -> <init>
    21:21:java.lang.String getStatus() -> a
    17:17:java.lang.String toString() -> toString
com.example.bucket.BKDetailPlansAdapter -> com.example.bucket.a:
    java.util.List mPlans -> d
    android.content.Context con -> e
    59:63:void <init>(java.util.List,int,android.content.Context) -> <init>
    67:67:int getItemCount() -> d
    25:25:void onBindViewHolder(androidx.recyclerview.widget.RecyclerView$ViewHolder,int) -> l
    25:25:androidx.recyclerview.widget.RecyclerView$ViewHolder onCreateViewHolder(android.view.ViewGroup,int) -> n
    48:49:void onBindViewHolder(com.example.bucket.BKDetailPlansAdapter$ViewHolder,int) -> w
    38:43:com.example.bucket.BKDetailPlansAdapter$ViewHolder onCreateViewHolder(android.view.ViewGroup,int) -> x
com.example.bucket.BKDetailPlansAdapter$ViewHolder -> com.example.bucket.a$a:
    android.widget.TextView Date -> u
    android.widget.ToggleButton complete -> w
    android.widget.TextView Content -> v
    81:88:void <init>(com.example.bucket.BKDetailPlansAdapter,android.view.View) -> <init>
    91:103:void onBind(com.example.bucket.UserBKListItem$detailPlan,android.content.Context) -> M
com.example.bucket.BKDetailPlansAdapter_my -> com.example.bucket.b:
    java.util.List mPlans -> e
    int bucket_id -> f
    android.content.Context con -> g
    com.example.bucket.initMyApi initMyApi -> d
    50:54:void <init>(java.util.List,int,android.content.Context) -> <init>
    36:41:com.example.bucket.BKDetailPlansAdapter_my$ViewHolder onCreateViewHolder(android.view.ViewGroup,int) -> A
    58:58:int getItemCount() -> d
    23:23:void onBindViewHolder(androidx.recyclerview.widget.RecyclerView$ViewHolder,int) -> l
    23:23:androidx.recyclerview.widget.RecyclerView$ViewHolder onCreateViewHolder(android.view.ViewGroup,int) -> n
    23:23:com.example.bucket.RetrofitClient access$002(com.example.bucket.BKDetailPlansAdapter_my,com.example.bucket.RetrofitClient) -> w
    23:23:com.example.bucket.initMyApi access$100(com.example.bucket.BKDetailPlansAdapter_my) -> x
    23:23:com.example.bucket.initMyApi access$102(com.example.bucket.BKDetailPlansAdapter_my,com.example.bucket.initMyApi) -> y
    46:47:void onBindViewHolder(com.example.bucket.BKDetailPlansAdapter_my$ViewHolder,int) -> z
com.example.bucket.BKDetailPlansAdapter_my$ViewHolder -> com.example.bucket.b$a:
    android.widget.TextView Date -> u
    android.widget.ToggleButton complete -> w
    int achieved_state -> x
    com.example.bucket.BKDetailPlansAdapter_my this$0 -> y
    android.widget.TextView Content -> v
    72:78:void <init>(com.example.bucket.BKDetailPlansAdapter_my,android.view.View) -> <init>
    void $r8$lambda$EiFUgwHYg_jst_lyvu4icrsx7xs(com.example.bucket.BKDetailPlansAdapter_my$ViewHolder,android.content.Context,com.example.bucket.MyBKListItem$detailPlan,android.view.View) -> M
      # {"id":"com.android.tools.r8.synthesized"}
    109:168:void BKDetailAchievedResponse(android.content.Context,int,int,int) -> N
    95:105:void lambda$onBind$0(android.content.Context,com.example.bucket.MyBKListItem$detailPlan,android.view.View) -> O
    81:106:void onBind(com.example.bucket.MyBKListItem$detailPlan,android.content.Context) -> P
com.example.bucket.BKDetailPlansAdapter_my$ViewHolder$1 -> com.example.bucket.b$a$a:
    android.content.Context val$cont -> b
    com.example.bucket.BKDetailPlansAdapter_my$ViewHolder this$1 -> c
    java.lang.String statusCode -> a
    118:121:void <init>(com.example.bucket.BKDetailPlansAdapter_my$ViewHolder,android.content.Context) -> <init>
    165:166:void onFailure(retrofit2.Call,java.lang.Throwable) -> a
    125:161:void onResponse(retrofit2.Call,retrofit2.Response) -> b
...
com.bumptech.glide.manager.DefaultConnectivityMonitorFactory -> v1.f:
    15:15:void <init>() -> <init>
    23:34:com.bumptech.glide.manager.ConnectivityMonitor build(android.content.Context,com.bumptech.glide.manager.ConnectivityMonitor$ConnectivityListener) -> a
com.bumptech.glide.manager.EmptyRequestManagerTreeNode -> v1.g:
    9:9:void <init>() -> <init>
com.bumptech.glide.manager.Lifecycle -> v1.h:
    void removeListener(com.bumptech.glide.manager.LifecycleListener) -> a
    void addListener(com.bumptech.glide.manager.LifecycleListener) -> b
com.bumptech.glide.manager.LifecycleListener -> v1.i:
    void onStop() -> f
    void onStart() -> i
    void onDestroy() -> j
com.bumptech.glide.manager.NullConnectivityMonitor -> v1.j:
    4:4:void <init>() -> <init>
    14:14:void onStop() -> f
    9:9:void onStart() -> i
    19:19:void onDestroy() -> j
com.bumptech.glide.manager.RequestManagerFragment -> v1.k:
    com.bumptech.glide.RequestManager requestManager -> d
    com.bumptech.glide.manager.RequestManagerFragment rootRequestManagerFragment -> e
    java.util.Set childRequestManagerFragments -> c
    com.bumptech.glide.manager.RequestManagerTreeNode requestManagerTreeNode -> b
    android.app.Fragment parentFragmentHint -> f
    com.bumptech.glide.manager.ActivityFragmentLifecycle lifecycle -> a
    48:49:void <init>() -> <init>
    33:55:void <init>(com.bumptech.glide.manager.ActivityFragmentLifecycle) -> <init>
    85:86:void addChildRequestManagerFragment(com.bumptech.glide.manager.RequestManagerFragment) -> a
    68:68:com.bumptech.glide.manager.ActivityFragmentLifecycle getGlideLifecycle() -> b
    136:141:android.app.Fragment getParentFragmentUsingHint() -> c
    74:74:com.bumptech.glide.RequestManager getRequestManager() -> d
    80:80:com.bumptech.glide.manager.RequestManagerTreeNode getRequestManagerTreeNode() -> e
    160:166:void registerFragmentWithRoot(android.app.Activity) -> f
    90:91:void removeChildRequestManagerFragment(com.bumptech.glide.manager.RequestManagerFragment) -> g
    126:130:void setParentFragmentHint(android.app.Fragment) -> h
    63:64:void setRequestManager(com.bumptech.glide.RequestManager) -> i
    169:173:void unregisterFragmentWithRoot() -> j
    178:187:void onAttach(android.app.Activity) -> onAttach
    209:212:void onDestroy() -> onDestroy
com.bumptech.glide.manager.RequestManagerFragment$FragmentRequestManagerTreeNode -> v1.k$a:
    com.bumptech.glide.manager.RequestManagerFragment this$0 -> a
    222:222:void <init>(com.bumptech.glide.manager.RequestManagerFragment) -> <init>
    241:241:java.lang.String toString() -> toString