app/build/outputs/mapping/debug/usage.txt
com.example.bucket.BKDetailAchievedRequest
com.example.bucket.BKDetailAchievedResponse:
    public java.lang.String getMsg()
    public void setMsg(java.lang.String)
    public void setStatus(java.lang.String)
com.example.bucket.BKDetailImgAdapter$ViewHolder
com.example.bucket.BKDetailImgAdapter
com.example.bucket.BKDetailImgItem
com.example.bucket.BKDetailPlansAdapter$ViewHolder$1
com.example.bucket.BKDetailPlansAdapter$ViewHolder:
    public void BKDetailAchievedResponse(android.content.Context,int,int,int)
com.example.bucket.BKDetailPlansAdapter:
    private com.example.bucket.initMyApi initMyApi
    private com.example.bucket.RetrofitClient retrofitClient
    static synthetic com.example.bucket.RetrofitClient access$002(com.example.bucket.BKDetailPlansAdapter,com.example.bucket.RetrofitClient)
    static synthetic com.example.bucket.initMyApi access$100(com.example.bucket.BKDetailPlansAdapter)
    static synthetic com.example.bucket.initMyApi access$102(com.example.bucket.BKDetailPlansAdapter,com.example.bucket.initMyApi)
    void addItem(com.example.bucket.UserBKListItem$detailPlan)
com.example.bucket.BKDetailPlansAdapter_my:
    void addItem(com.example.bucket.MyBKListItem$detailPlan)
com.example.bucket.BKDetailPlansItem
com.example.bucket.BKDetailTagsAdapter$ViewHolder
com.example.bucket.BKDetailTagsAdapter
com.example.bucket.BKDetailTagsItem
com.example.bucket.BKListDetailRequest
com.example.bucket.BKListDetailResponse$Tags
com.example.bucket.BKListDetailResponse$detailPlans
com.example.bucket.BKListDetailResponse:
    public java.lang.String getMsg()
    public void setBucketlist(com.google.gson.JsonObject)
    public void setMsg(java.lang.String)
    public void setStatus(java.lang.String)
com.example.bucket.BKListHeartFullRequest
com.example.bucket.BKListHeartFullResponse:
    public java.lang.String getMsg()
    public void setMsg(java.lang.String)
    public void setStatus(java.lang.String)
com.example.bucket.BKListHeartNullRequest
com.example.bucket.BKListHeartNullResponse:
    public java.lang.String getMsg()
    public void setMsg(java.lang.String)
    public void setStatus(java.lang.String)
com.example.bucket.BKListHeartOnlyActivity:
    android.content.Intent intent
com.example.bucket.BKListHeartOnlyResponse$bucketLists
com.example.bucket.BKListHeartOnlyResponse:
    public com.google.gson.JsonArray getBucketLists()
    public java.lang.String getMsg()
    public void setBucketlist(com.google.gson.JsonArray)
    public void setMsg(java.lang.String)
    public void setStatus(java.lang.String)
com.example.bucket.BKListItemView_my:
    public void <init>(android.content.Context,android.util.AttributeSet)
com.example.bucket.BKListItemView_user:
    public void <init>(android.content.Context,android.util.AttributeSet)
com.example.bucket.BR
com.example.bucket.BuildConfig
com.example.bucket.DataBinderMapperImpl$InnerBrLookup
com.example.bucket.DataBinderMapperImpl$InnerLayoutIdLookup
com.example.bucket.DataBinderMapperImpl:
    public java.lang.String convertBrIdToString(int)
    public androidx.databinding.ViewDataBinding getDataBinder(androidx.databinding.DataBindingComponent,android.view.View,int)
    public androidx.databinding.ViewDataBinding getDataBinder(androidx.databinding.DataBindingComponent,android.view.View[],int)
    public int getLayoutId(java.lang.String)
com.example.bucket.DataBindingTriggerClass
com.example.bucket.DatePlanItem:
    public void setSet_Num(int)
com.example.bucket.DetailEditItem
com.example.bucket.EditBucket1Activity:
    private com.example.bucket.initMyApi initMyApi
    private com.example.bucket.RetrofitClient retrofitClient
com.example.bucket.EditBucket2Activity:
    private com.example.bucket.initMyApi initMyApi
    private com.example.bucket.RetrofitClient retrofitClient
...
androidx.core.view.inputmethod.InputConnectionCompat:
    public static boolean handlePerformPrivateCommand(java.lang.String,android.os.Bundle,androidx.core.view.inputmethod.InputConnectionCompat$OnCommitContentListener)
androidx.core.view.inputmethod.InputContentInfoCompat$InputContentInfoCompatApi25Impl:
    public void <init>(android.net.Uri,android.content.ClipDescription,android.net.Uri)
androidx.core.view.inputmethod.InputContentInfoCompat$InputContentInfoCompatBaseImpl
androidx.core.view.inputmethod.InputContentInfoCompat$InputContentInfoCompatImpl:
    public abstract android.net.Uri getContentUri()
    public abstract android.content.ClipDescription getDescription()
    public abstract android.net.Uri getLinkUri()
androidx.core.view.inputmethod.InputContentInfoCompat:
    public void <init>(android.net.Uri,android.content.ClipDescription,android.net.Uri)
androidx.core.widget.AutoScrollHelper:
    public boolean mExclusive
androidx.core.widget.AutoSizeableTextView
androidx.core.widget.CheckedTextViewCompat$Api14Impl
androidx.core.widget.CompoundButtonCompat:
    public static java.lang.reflect.Field sButtonDrawableField
    public static boolean sButtonDrawableFieldFetched
androidx.core.widget.ImageViewCompat:
    public static android.content.res.ColorStateList getImageTintList(android.widget.ImageView)
    public static android.graphics.PorterDuff$Mode getImageTintMode(android.widget.ImageView)
androidx.core.widget.NestedScrollView$OnScrollChangeListener:
    public abstract void onScrollChange(androidx.core.widget.NestedScrollView,int,int,int,int)
androidx.core.widget.PopupWindowCompat:
    public static java.lang.reflect.Field sOverlapAnchorField
    public static boolean sOverlapAnchorFieldAttempted
    public static java.lang.reflect.Method sSetWindowLayoutTypeMethod
    public static boolean sSetWindowLayoutTypeMethodAttempted
androidx.core.widget.TextViewCompat$OreoCallback:
    public void <init>(android.view.ActionMode$Callback,android.widget.TextView)
androidx.core.widget.TextViewCompat:
    public static java.lang.reflect.Field sMaxModeField
    public static boolean sMaxModeFieldFetched
    public static java.lang.reflect.Field sMaximumField
    public static boolean sMaximumFieldFetched
    public static android.text.TextDirectionHeuristic getTextDirectionHeuristic(android.widget.TextView)
    public static java.lang.reflect.Field retrieveField(java.lang.String)
    public static int retrieveIntFromField(java.lang.reflect.Field,android.widget.TextView)
androidx.core.widget.TextViewOnReceiveContentListener$ApiImpl
androidx.core.widget.TintableCheckedTextView
androidx.core.widget.TintableCompoundButton
androidx.core.widget.TintableCompoundDrawablesView
androidx.core.widget.TintableImageSourceView
androidx.cursoradapter.widget.CursorFilter$CursorFilterClient:
    public abstract void changeCursor(android.database.Cursor)
    public abstract java.lang.CharSequence convertToString(android.database.Cursor)
    public abstract android.database.Cursor getCursor()
    public abstract android.database.Cursor runQueryOnBackgroundThread(java.lang.CharSequence)
androidx.customview.widget.FocusStrategy$BoundsAdapter:
    public abstract void obtainBounds(java.lang.Object,android.graphics.Rect)
androidx.customview.widget.FocusStrategy$CollectionAdapter:
    public abstract java.lang.Object get(java.lang.Object,int)
    public abstract int size(java.lang.Object)
androidx.customview.widget.ViewDragHelper:
    public int mTrackingEdges
    public static androidx.customview.widget.ViewDragHelper create(android.view.ViewGroup,float,androidx.customview.widget.ViewDragHelper$Callback)
androidx.databinding.BaseObservable
androidx.databinding.CallbackRegistry$NotifierCallback
androidx.databinding.CallbackRegistry
androidx.databinding.CreateWeakListener
androidx.databinding.MergedDataBinderMapper:
    public java.util.List mFeatureBindingMappers
androidx.databinding.ViewDataBinding$1
androidx.databinding.ViewDataBinding$2